
TigerVNC Viewer for X version 1.1.0 - built Oct 15 2014 11:24:27
Copyright (C) 1999-2011 TigerVNC Team and many others (see README.txt)
See http://www.tigervnc.org for information on TigerVNC.

Mon Jul 18 13:49:54 2016
 CConn:       connected to host 172.16.80.245 port 5900
 CConnection: Server supports RFB protocol version 3.7
 CConnection: Using RFB protocol version 3.7

Mon Jul 18 13:49:55 2016
 TXImage:     Using default colormap and visual, TrueColor, depth 24.
 CConn:       Using pixel format depth 24 (32bpp) little-endian rgb888
 CConn:       Using Tight encoding

Mon Jul 18 14:04:59 2016
 CConn:       Throughput 12357 kbit/s - changing to quality 6 
 CConn:       Using Tight encoding

Mon Jul 18 14:05:53 2016
 CConn:       Throughput 16085 kbit/s - changing to quality 8 
 CConn:       Using Tight encoding

Mon Jul 18 14:07:27 2016
 CConn:       Throughput 12795 kbit/s - changing to quality 6 
 CConn:       Using Tight encoding

Mon Jul 18 14:07:51 2016
 CConn:       Throughput 16001 kbit/s - changing to quality 8 

Mon Jul 18 14:07:52 2016
 CConn:       Using Tight encoding

Mon Jul 18 15:04:11 2016
 CConn:       Throughput 14114 kbit/s - changing to quality 6 
 CConn:       Using Tight encoding
XIO:  fatal IO error 11 (Resource temporarily unavailable) on X server "localhost:15.0"
      after 56454 requests (56454 known processed) with 0 events remaining.
